
Fixing categories for 291 pages...

[1/291] ⚠️  Only "Products" found for https://www.leica-microsystems.com/products/light-microscopes/p/leica-dm2700-m/
[2/291] ⚠️  Only "Products" found for https://www.leica-microsystems.com/products/light-microscopes/p/visoria-b/
[3/291] ⚠️  Only "Products" found for https://www.leica-microsystems.com/products/light-microscopes/p/visoria-m/
[4/291] ⚠️  Only "Products" found for https://www.leica-microsystems.com/products/light-microscopes/p/visoria-p/
[5/291] ⚠️  Only "Products" found for https://www.leica-microsystems.com/products/p/viventis-deep/
[6/291] ⚠️  Only "Products" found for https://www.leica-microsystems.com/products/microscope-cameras/p/flexacam-c3/
[7/291] ⚠️  Only "Products" found for https://www.leica-microsystems.com/products/microscope-cameras/p/flexacam-c5-i5/
[8/291] ⚠️  Only "Products" found for https://www.leica-microsystems.com/products/microscope-cameras/p/k3-m/
[9/291] ⚠️  Only "Products" found for https://www.leica-microsystems.com/products/microscope-cameras/p/k5c/
[10/291] ⚠️  Only "Products" found for https://www.leica-microsystems.com/products/microscope-cameras/p/k5/
[11/291] ⚠️  Only "Products" found for https://www.leica-microsystems.com/products/p/viventis-scape/
[12/291] ⚠️  Only "Products" found for https://www.leica-microsystems.com/products/light-microscopes/stereo-microscopes/p/ivesta-3/
[13/291] ⚠️  Only "Products" found for https://www.leica-microsystems.com/products/light-microscopes/p/libs-module/
[14/291] ⚠️  Only "Products" found for https://www.leica-microsystems.com/products/light-microscopes/p/leica-lmd7/
[15/291] ⚠️  Only "Products" found for https://www.leica-microsystems.com/products/light-microscopes/stereo-microscopes/p/leica-m125-c/
[16/291] ⚠️  Only "Products" found for https://www.leica-microsystems.com/products/light-microscopes/stereo-microscopes/p/leica-m205-fca/
[17/291] ⚠️  Only "Products" found for https://www.leica-microsystems.com/products/light-microscopes/stereo-microscopes/p/leica-m80/
[18/291] ⚠️  Only "Products" found for https://www.leica-microsystems.com/products/light-microscopes/stereo-microscopes/p/leica-mz10-f/
[19/291] ⚠️  Only "Products" found for https://www.leica-microsystems.com/products/light-microscopes/p/thunder-imager-cell-spinning-disk/
[20/291] ⚠️  Only "Products" found for https://www.leica-microsystems.com/products/microscope-cameras/p/k7/
[21/291] ⚠️  Only "Products" found for https://www.leica-microsystems.com/products/microscope-software/p/las-x-cleanliness-expert/
[22/291] ⚠️  Only "Products" found for https://www.leica-microsystems.com/products/microscope-software/p/leica-las-x-id/
[23/291] ⚠️  Only "Products" found for https://www.leica-microsystems.com/products/microscope-software/p/las-x-id-modules/
[24/291] ⚠️  Only "Products" found for https://www.leica-microsystems.com/products/microscope-software/p/leica-las-x-ls/
[25/291] ⚠️  Only "Products" found for https://www.leica-microsystems.com/products/microscope-software/p/las-x-steel-expert/
[26/291] ⚠️  Only "Products" found for https://www.leica-microsystems.com/products/microscope-cameras/p/k8/
[27/291] ⚠️  Only "Products" found for https://www.leica-microsystems.com/products/microscope-cameras/p/leica-dfc9000/
[28/291] ⚠️  Only "Products" found for https://www.leica-microsystems.com/products/surgical-microscopes/p/arveo/
[29/291] ⚠️  Only "Products" found for https://www.leica-microsystems.com/products/surgical-microscopes/p/leica-m530-ohx-microsurgery/
[30/291] ⚠️  Only "Products" found for https://www.leica-microsystems.com/products/microscope-cameras/p/leica-dmc4500/
[31/291] ⚠️  Only "Products" found for https://www.leica-microsystems.com/products/microscope-software/p/aivia/
[32/291] ⚠️  Only "Products" found for https://www.leica-microsystems.com/products/microscope-software/p/enersight/
[33/291] ⚠️  Only "Products" found for https://www.leica-microsystems.com/products/microscope-software/p/leica-las-ez/
[34/291] ⚠️  Only "Products" found for https://www.leica-microsystems.com/products/light-microscopes/p/cell-dive/
[35/291] ⚠️  Only "Products" found for https://www.leica-microsystems.com/products/microscope-software/p/leica-lmd-software/
[36/291] ⚠️  Only "Products" found for https://www.leica-microsystems.com/products/microscope-accessories/p/tl3000-ergo/
[37/291] ⚠️  Only "Products" found for https://www.leica-microsystems.com/products/microscope-accessories/p/leica-wf-frap/
[38/291] ⚠️  Only "Products" found for https://www.leica-microsystems.com/products/thunder-imaging-systems/p/thunder-imager-cell/
[39/291] ⚠️  Only "Products" found for https://www.leica-microsystems.com/products/thunder-imaging-systems/p/thunder-imager-model-organism-sensitive/
[40/291] ⚠️  Only "Products" found for https://www.leica-microsystems.com/products/thunder-imaging-systems/p/thunder-imager-tissue/
[41/291] ⚠️  Only "Products" found for https://www.leica-microsystems.com/products/sample-preparation-for-electron-microscopy/p/artos-3d/
[42/291] ⚠️  Only "Products" found for https://www.leica-microsystems.com/products/sample-preparation-for-electron-microscopy/p/leica-em-ace900/
[43/291] ⚠️  Only "Products" found for https://www.leica-microsystems.com/products/sample-preparation-for-electron-microscopy/p/leica-em-fc7/
[44/291] ⚠️  Only "Products" found for https://www.leica-microsystems.com/service/p/preventive-maintenance/
[45/291] ⚠️  Only "Products" found for https://www.leica-microsystems.com/service/p/service-plans/
[46/291] ⚠️  Only "Products" found for https://www.leica-microsystems.com/service/p/warranty-extension/
[47/291] ⚠️  Only "Products" found for https://www.leica-microsystems.com/products/microscope-accessories/p/infinity-tirf/
[48/291] ⚠️  Only "Products" found for https://www.leica-microsystems.com/products/microscope-accessories/p/led-fluorescence-light-sources/
[49/291] ⚠️  Only "Products" found for https://www.leica-microsystems.com/products/confocal-microscopes/p/mica/
[50/291] ⚠️  Only "Products" found for https://www.leica-microsystems.com/products/confocal-microscopes/p/spectraplex/
[51/291] ⚠️  Only "Products" found for https://www.leica-microsystems.com/products/confocal-microscopes/p/stellaris/
[52/291] ⚠️  Only "Products" found for https://www.leica-microsystems.com/products/confocal-microscopes/p/stellaris-8-crs/
[53/291] ⚠️  Only "Products" found for https://www.leica-microsystems.com/products/confocal-microscopes/p/stellaris-8-dive/
[54/291] ⚠️  Only "Products" found for https://www.leica-microsystems.com/products/confocal-microscopes/p/stellaris-8-falcon/
[55/291] ⚠️  Only "Products" found for https://www.leica-microsystems.com/products/confocal-microscopes/p/stellaris-cryo/
[56/291] ⚠️  Only "Products" found for https://www.leica-microsystems.com/products/confocal-microscopes/p/stellaris-dls/
[57/291] ⚠️  Only "Products" found for https://www.leica-microsystems.com/products/confocal-microscopes/p/stellaris-sted/
[58/291] ⚠️  Only "Products" found for https://www.leica-microsystems.com/products/digital-microscopes/p/emspira-3/
[59/291] ⚠️  Only "Products" found for https://www.leica-microsystems.com/products/digital-microscopes/p/leica-dvm6/
[60/291] ⚠️  Only "Products" found for https://www.leica-microsystems.com/products/light-microscopes/p/leica-dmi1/
[61/291] ⚠️  Only "Products" found for https://www.leica-microsystems.com/products/light-microscopes/p/mateo/
[62/291] ⚠️  Only "Products" found for https://www.leica-microsystems.com/products/light-microscopes/p/dmi8/
[63/291] ⚠️  Only "Products" found for https://www.leica-microsystems.com/products/light-microscopes/stereo-microscopes/p/leica-a60-f/
[64/291] ⚠️  Only "Products" found for https://www.leica-microsystems.com/products/light-microscopes/p/leica-dm1000/
[65/291] ⚠️  Only "Products" found for https://www.leica-microsystems.com/products/light-microscopes/p/leica-dm4-p/
[66/291] ⚠️  Only "Products" found for https://www.leica-microsystems.com/products/light-microscopes/p/leica-dm3000/
[67/291] ⚠️  Only "Products" found for https://www.leica-microsystems.com/products/light-microscopes/p/leica-dm500/
[68/291] ⚠️  Only "Products" found for https://www.leica-microsystems.com/products/light-microscopes/p/dm4-b-and-dm6-b-upright-microscopes/
[69/291] ⚠️  Only "Products" found for https://www.leica-microsystems.com/products/light-microscopes/p/leica-dm6-m/
[70/291] ⚠️  Only "Products" found for https://www.leica-microsystems.com/products/light-microscopes/p/leica-dm750/
[71/291] ⚠️  Only "Products" found for https://www.leica-microsystems.com/products/light-microscopes/p/dm8000-12000/
[72/291] ⚠️  Only "Products" found for https://www.leica-microsystems.com/products/light-microscopes/stereo-microscopes/p/leica-ez4/
[73/291] ⚠️  Only "Products" found for https://www.leica-microsystems.com/products/light-microscopes/p/leica-dm-il-led/
[74/291] ⚠️  Only "Products" found for https://www.leica-microsystems.com/products/light-microscopes/stereo-microscopes/p/leica-ez4-w/
[75/291] ⚠️  Only "Products" found for https://www.leica-microsystems.com/products/light-microscopes/p/leica-fs-cb/
[76/291] ⚠️  Only "Products" found for https://www.leica-microsystems.com/products/microscope-cameras/p/leica-dfc7000-t/
[77/291] ⚠️  Only "Products" found for https://www.leica-microsystems.com/products/sample-preparation-for-electron-microscopy/p/leica-em-tp/
[78/291] ⚠️  Only "Products" found for https://www.leica-microsystems.com/products/sample-preparation-for-electron-microscopy/p/leica-em-txp/
[79/291] ⚠️  Only "Products" found for https://www.leica-microsystems.com/products/sample-preparation-for-electron-microscopy/p/leica-em-ace600/
[80/291] ⚠️  Only "Products" found for https://www.leica-microsystems.com/products/sample-preparation-for-electron-microscopy/p/leica-em-gp2/
[81/291] ⚠️  Only "Products" found for https://www.leica-microsystems.com/products/sample-preparation-for-electron-microscopy/p/leica-em-ice/
[82/291] ⚠️  Only "Products" found for https://www.leica-microsystems.com/products/sample-preparation-for-electron-microscopy/p/leica-em-rapid/
[83/291] ⚠️  Only "Products" found for https://www.leica-microsystems.com/products/sample-preparation-for-electron-microscopy/p/leica-em-tic-3x/
[84/291] ⚠️  Only "Products" found for https://www.leica-microsystems.com/products/sample-preparation-for-electron-microscopy/p/uc-enuity/
[85/291] ⚠️  Only "Products" found for https://www.leica-microsystems.com/products/surgical-microscopes/p/provido/
[86/291] ⚠️  Only "Products" found for https://www.leica-microsystems.com/products/surgical-microscopes/p/leica-fl560/
[87/291] ⚠️  Only "Products" found for https://www.leica-microsystems.com/products/surgical-microscopes/p/glow400/
[88/291] ⚠️  Only "Products" found for https://www.leica-microsystems.com/products/surgical-microscopes/p/arveo-8x/
[89/291] ⚠️  Only "Products" found for https://www.leica-microsystems.com/products/surgical-microscopes/p/enfocus/
[90/291] ⚠️  Only "Products" found for https://www.leica-microsystems.com/products/surgical-microscopes/p/glow800/
[91/291] ⚠️  Only "Products" found for https://www.leica-microsystems.com/products/surgical-microscopes/p/leica-fl400/
[92/291] ⚠️  Only "Products" found for https://www.leica-microsystems.com/products/surgical-microscopes/p/leica-m530-ohx-ent/
[93/291] ⚠️  Only "Products" found for https://www.leica-microsystems.com/products/surgical-microscopes/p/leica-m822-f20/
[94/291] ⚠️  Only "Products" found for https://www.leica-microsystems.com/products/surgical-microscopes/p/leica-m844-f40/
[95/291] ⚠️  Only "Products" found for https://www.leica-microsystems.com/products/surgical-microscopes/p/m320-d/
[96/291] ⚠️  Only "Products" found for https://www.leica-microsystems.com/products/surgical-microscopes/p/m320-o/
[97/291] ⚠️  Only "Products" found for https://www.leica-microsystems.com/products/surgical-microscopes/p/m320-t/
[98/291] ⚠️  Only "Products" found for https://www.leica-microsystems.com/products/surgical-microscopes/p/m530-ohx/
[99/291] ⚠️  Only "Products" found for https://www.leica-microsystems.com/products/surgical-microscopes/p/myveo/
[100/291] ⚠️  Only "Products" found for https://www.leica-microsystems.com/products/surgical-microscopes/p/proveo-8/
[101/291] ⚠️  Only "Products" found for https://www.leica-microsystems.com/products/surgical-microscopes/p/proveo-8x/
[102/291] ⚠️  Only "Products" found for https://www.leica-microsystems.com/products/microscope-accessories/p/leica-flexarm-stand/
[103/291] ⚠️  Only "Products" found for https://www.leica-microsystems.com/products/microscope-accessories/p/leica-led5000-mci/
[104/291] ⚠️  Only "Products" found for https://www.leica-microsystems.com/products/surgical-microscopes/p/leica-m525-f50/
[105/291] ⚠️  Only "Products" found for https://www.leica-microsystems.com/products/surgical-microscopes/p/leica-m525-ms3/
[106/291] ⚠️  Only "Products" found for https://www.leica-microsystems.com/products/surgical-microscopes/p/leica-m525-oh4/
[107/291] ⚠️  Only "Products" found for https://www.leica-microsystems.com/products/surgical-microscopes/p/leica-m530-oh6/
[108/291] ⚠️  Only "Products" found for https://www.leica-microsystems.com/products/surgical-microscopes/p/leica-m720-oh5/
[109/291] ⚠️  Only "Products" found for https://www.leica-microsystems.com/products/surgical-microscopes/p/leica-m820-f19/
[110/291] ⚠️  Only "Products" found for https://www.leica-microsystems.com/products/surgical-microscopes/p/leica-m820-f20/
[111/291] ⚠️  Only "Products" found for https://www.leica-microsystems.com/products/surgical-microscopes/p/leica-ult500/
[112/291] ⚠️  Only "Products" found for https://www.leica-microsystems.com/products/microscope-accessories/p/leica-hcs-a/
[113/291] ⚠️  Only "Products" found for https://www.leica-microsystems.com/products/microscope-accessories/p/infinity-scanner/
[114/291] ⚠️  Only "Products" found for https://www.leica-microsystems.com/products/microscope-accessories/p/leica-kl300-led/
[115/291] ⚠️  Only "Products" found for https://www.leica-microsystems.com/products/microscope-accessories/p/leica-led1000/
[116/291] ⚠️  Only "Products" found for https://www.leica-microsystems.com/products/microscope-accessories/p/leica-led2000/
[117/291] ⚠️  Only "Products" found for https://www.leica-microsystems.com/products/microscope-accessories/p/leica-led2500/
[118/291] ⚠️  Only "Products" found for https://www.leica-microsystems.com/products/microscope-accessories/p/leica-led3000-bli/
[119/291] ⚠️  Only "Products" found for https://www.leica-microsystems.com/products/microscope-accessories/p/leica-led3000-di/
[120/291] ⚠️  Only "Products" found for https://www.leica-microsystems.com/products/microscope-accessories/p/leica-led3000-mci/
[121/291] ⚠️  Only "Products" found for https://www.leica-microsystems.com/products/microscope-accessories/p/leica-led3000-nvi/
[122/291] ⚠️  Only "Products" found for https://www.leica-microsystems.com/products/microscope-accessories/p/leica-led3000-rl/
[123/291] ⚠️  Only "Products" found for https://www.leica-microsystems.com/products/microscope-accessories/p/leica-led3000-sli/
[124/291] ⚠️  Only "Products" found for https://www.leica-microsystems.com/products/microscope-accessories/p/leica-led5000-cxi/
[125/291] ⚠️  Only "Products" found for https://www.leica-microsystems.com/products/microscope-accessories/p/leica-led5000-hdi/
[126/291] ⚠️  Only "Products" found for https://www.leica-microsystems.com/products/microscope-accessories/p/leica-led5000-nvi/
[127/291] ⚠️  Only "Products" found for https://www.leica-microsystems.com/products/microscope-accessories/p/leica-led5000-rl/
[128/291] ⚠️  Only "Products" found for https://www.leica-microsystems.com/products/microscope-accessories/p/leica-led5000-sli/
[129/291] ⚠️  Only "Products" found for https://www.leica-microsystems.com/products/microscope-accessories/p/leica-lmt260-xy-scanning-stage/
[130/291] ⚠️  Only "Products" found for https://www.leica-microsystems.com/products/microscope-accessories/p/leica-ma-ts/
[131/291] ⚠️  Only "Products" found for https://www.leica-microsystems.com/products/microscope-accessories/p/leica-motorfocus/
[132/291] ⚠️  Only "Products" found for https://www.leica-microsystems.com/products/microscope-accessories/p/leica-multiviews/
[133/291] ⚠️  Only "Products" found for https://www.leica-microsystems.com/products/microscope-accessories/p/leica-rotatable-beamsplitter/
[134/291] ⚠️  Only "Products" found for https://www.leica-microsystems.com/products/microscope-accessories/p/leica-sfl100/
[135/291] ⚠️  Only "Products" found for https://www.leica-microsystems.com/products/microscope-accessories/p/leica-sfl4000/
[136/291] ⚠️  Only "Products" found for https://www.leica-microsystems.com/products/microscope-accessories/p/leica-swingarm-stands/
[137/291] ⚠️  Only "Products" found for https://www.leica-microsystems.com/products/microscope-accessories/p/leica-tl4000-bfdf/
[138/291] ⚠️  Only "Products" found for https://www.leica-microsystems.com/products/microscope-accessories/p/leica-toriceyepiece/
[139/291] ⚠️  Only "Products" found for https://www.leica-microsystems.com/products/microscope-accessories/p/leica-water-immersion-micro-dispenser/
[140/291] ⚠️  Only "Products" found for https://www.leica-microsystems.com/products/microscope-accessories/p/leica-xl-stand/
[141/291] ⚠️  Only "Products" found for https://www.leica-microsystems.com/products/microscope-cameras/p/leica-dfc3000-g/
[142/291] ⚠️  Only "Products" found for https://www.leica-microsystems.com/products/microscope-cameras/p/leica-dfc300-fx/
[143/291] ⚠️  Only "Products" found for https://www.leica-microsystems.com/products/microscope-cameras/p/leica-dfc310-fx/
[144/291] ⚠️  Only "Products" found for https://www.leica-microsystems.com/products/microscope-cameras/p/leica-dfc340-fx/
[145/291] ⚠️  Only "Products" found for https://www.leica-microsystems.com/products/microscope-cameras/p/leica-dfc345-fx/
[146/291] ⚠️  Only "Products" found for https://www.leica-microsystems.com/products/microscope-cameras/p/leica-dfc350-fx/
[147/291] ⚠️  Only "Products" found for https://www.leica-microsystems.com/products/microscope-cameras/p/leica-dfc360-fx/
[148/291] ⚠️  Only "Products" found for https://www.leica-microsystems.com/products/microscope-cameras/p/leica-dfc365-fx/
[149/291] ⚠️  Only "Products" found for https://www.leica-microsystems.com/products/microscope-cameras/p/leica-dfc425/
[150/291] ⚠️  Only "Products" found for https://www.leica-microsystems.com/products/microscope-cameras/p/leica-dfc425-c/
[151/291] ⚠️  Only "Products" found for https://www.leica-microsystems.com/products/microscope-cameras/p/leica-dfc450/
[152/291] ⚠️  Only "Products" found for https://www.leica-microsystems.com/products/microscope-cameras/p/leica-dfc480/
[153/291] ⚠️  Only "Products" found for https://www.leica-microsystems.com/products/microscope-cameras/p/leica-dfc495/
[154/291] ⚠️  Only "Products" found for https://www.leica-microsystems.com/products/microscope-cameras/p/leica-dfc500/
[155/291] ⚠️  Only "Products" found for https://www.leica-microsystems.com/products/microscope-cameras/p/leica-dfc550/
[156/291] ⚠️  Only "Products" found for https://www.leica-microsystems.com/products/microscope-cameras/p/dmc5400/
[157/291] ⚠️  Only "Products" found for https://www.leica-microsystems.com/products/microscope-cameras/p/leica-dmc6200/
[158/291] ⚠️  Only "Products" found for https://www.leica-microsystems.com/products/microscope-cameras/p/flexacam-c1/
[159/291] ⚠️  Only "Products" found for https://www.leica-microsystems.com/products/microscope-cameras/p/leica-ic80-hd/
[160/291] ⚠️  Only "Products" found for https://www.leica-microsystems.com/products/surgical-microscopes/p/leica-m320-f12-for-dental/
[161/291] ⚠️  Only "Products" found for https://www.leica-microsystems.com/products/surgical-microscopes/p/leica-m320-f12-for-ent/
[162/291] ⚠️  Only "Products" found for https://www.leica-microsystems.com/products/surgical-microscopes/p/leica-m620-tts/
[163/291] ⚠️  Only "Products" found for https://www.leica-microsystems.com/products/surgical-microscopes/p/leica-m651-msd/
[164/291] ⚠️  Only "Products" found for https://www.leica-microsystems.com/products/surgical-microscopes/p/leica-macrofluo/
[165/291] ⚠️  Only "Products" found for https://www.leica-microsystems.com/products/thunder-imaging-systems/p/thunder-imager-em-cryo-clem/
[166/291] ⚠️  Only "Products" found for https://www.leica-microsystems.com/products/microscope-cameras/p/leica-ic90-e/
[167/291] ⚠️  Only "Products" found for https://www.leica-microsystems.com/products/microscope-cameras/p/leica-icc50-hd/
[168/291] ⚠️  Only "Products" found for https://www.leica-microsystems.com/products/microscope-cameras/p/leica-icc50-w/
[169/291] ⚠️  Only "Products" found for https://www.leica-microsystems.com/products/microscope-software/p/airteach/
[170/291] ⚠️  Only "Products" found for https://www.leica-microsystems.com/products/microscope-software/p/exalta/
[171/291] ⚠️  Only "Products" found for https://www.leica-microsystems.com/products/microscope-software/p/leica-ims500-hd/
[172/291] ⚠️  Only "Products" found for https://www.leica-microsystems.com/products/microscope-software/p/leica-las-af-3d-analysis/
[173/291] ⚠️  Only "Products" found for https://www.leica-microsystems.com/products/microscope-software/p/leica-las-af-3d-visualization/
[174/291] ⚠️  Only "Products" found for https://www.leica-microsystems.com/products/microscope-software/p/leica-map/
[175/291] ⚠️  Only "Products" found for https://www.leica-microsystems.com/products/microscope-cameras/p/leica-mc120-hd/
[176/291] ⚠️  Only "Products" found for https://www.leica-microsystems.com/products/microscope-software/p/leica-steel-expert-20/
[177/291] ⚠️  Only "Products" found for https://www.leica-microsystems.com/products/sample-preparation-for-electron-microscopy/p/leica-em-ac20/
[178/291] ⚠️  Only "Products" found for https://www.leica-microsystems.com/products/sample-preparation-for-electron-microscopy/p/leica-em-ace200/
[179/291] ⚠️  Only "Products" found for https://www.leica-microsystems.com/products/sample-preparation-for-electron-microscopy/p/leica-em-afs2/
[180/291] ⚠️  Only "Products" found for https://www.leica-microsystems.com/products/sample-preparation-for-electron-microscopy/p/leica-em-baf060/
[181/291] ⚠️  Only "Products" found for https://www.leica-microsystems.com/products/sample-preparation-for-electron-microscopy/p/leica-em-cpd300/
[182/291] ⚠️  Only "Products" found for https://www.leica-microsystems.com/products/sample-preparation-for-electron-microscopy/p/leica-em-cryo-clem/
[183/291] ⚠️  Only "Products" found for https://www.leica-microsystems.com/products/sample-preparation-for-electron-microscopy/p/leica-em-ctd/
[184/291] ⚠️  Only "Products" found for https://www.leica-microsystems.com/products/sample-preparation-for-electron-microscopy/p/leica-em-kmr3/
[185/291] ⚠️  Only "Products" found for https://www.leica-microsystems.com/products/digital-microscopes/p/leica-dcm8/
[186/291] ⚠️  Only "Products" found for https://www.leica-microsystems.com/products/light-microscopes/p/leica-dm1000-led/
[187/291] ⚠️  Only "Products" found for https://www.leica-microsystems.com/products/light-microscopes/p/leica-dm1750-m/
[188/291] ⚠️  Only "Products" found for https://www.leica-microsystems.com/products/light-microscopes/p/leica-dm2500-m/
[189/291] ⚠️  Only "Products" found for https://www.leica-microsystems.com/products/light-microscopes/p/leica-dm2500/
[190/291] ⚠️  Only "Products" found for https://www.leica-microsystems.com/products/light-microscopes/p/leica-dm2500-p/
[191/291] ⚠️  Only "Products" found for https://www.leica-microsystems.com/products/light-microscopes/p/leica-dm300/
[192/291] ⚠️  Only "Products" found for https://www.leica-microsystems.com/products/light-microscopes/p/dm3-xl/
[193/291] ⚠️  Only "Products" found for https://www.leica-microsystems.com/products/light-microscopes/p/leica-dm4000-m-led/
[194/291] ⚠️  Only "Products" found for https://www.leica-microsystems.com/products/light-microscopes/p/leica-dm4000-m/
[195/291] ⚠️  Only "Products" found for https://www.leica-microsystems.com/products/light-microscopes/p/leica-dm4500-p/
[196/291] ⚠️  Only "Products" found for https://www.leica-microsystems.com/products/light-microscopes/p/leica-dm4500-p-led/
[197/291] ⚠️  Only "Products" found for https://www.leica-microsystems.com/products/light-microscopes/p/leica-dm6-fs/
[198/291] ⚠️  Only "Products" found for https://www.leica-microsystems.com/products/light-microscopes/p/leica-dm750-m/
[199/291] ⚠️  Only "Products" found for https://www.leica-microsystems.com/products/light-microscopes/stereo-microscopes/p/leica-dmd108/
[200/291] ⚠️  Only "Products" found for https://www.leica-microsystems.com/products/light-microscopes/p/leica-dm-e/
[201/291] ⚠️  Only "Products" found for https://www.leica-microsystems.com/products/light-microscopes/p/leica-dmi3000-m/
[202/291] ⚠️  Only "Products" found for https://www.leica-microsystems.com/products/light-microscopes/p/leica-am6000/
[203/291] ⚠️  Only "Products" found for https://www.leica-microsystems.com/products/light-microscopes/p/leica-am-tirf-mc/
[204/291] ⚠️  Only "Products" found for https://www.leica-microsystems.com/products/light-microscopes/p/leitz-optilux/
[205/291] ⚠️  Only "Products" found for https://www.leica-microsystems.com/products/light-microscopes/p/leica-lmd7000/
[206/291] ⚠️  Only "Products" found for https://www.leica-microsystems.com/products/light-microscopes/stereo-microscopes/p/leica-m165-fc/
[207/291] ⚠️  Only "Products" found for https://www.leica-microsystems.com/products/light-microscopes/p/leica-micromanipulator/
[208/291] ⚠️  Only "Products" found for https://www.leica-microsystems.com/products/light-microscopes/stereo-microscopes/p/leica-ms5/
[209/291] ⚠️  Only "Products" found for https://www.leica-microsystems.com/products/light-microscopes/p/paula/
[210/291] ⚠️  Only "Products" found for https://www.leica-microsystems.com/products/light-microscopes/stereo-microscopes/p/leica-s4-e/
[211/291] ⚠️  Only "Products" found for https://www.leica-microsystems.com/products/light-microscopes/stereo-microscopes/p/leica-s6-d/
[212/291] ⚠️  Only "Products" found for https://www.leica-microsystems.com/products/light-microscopes/p/leica-s6-e/
[213/291] ⚠️  Only "Products" found for https://www.leica-microsystems.com/products/light-microscopes/stereo-microscopes/p/leica-s8-apo/
[214/291] ⚠️  Only "Products" found for https://www.leica-microsystems.com/products/light-microscopes/stereo-microscopes/p/leica-s9-e/
[215/291] ⚠️  Only "Products" found for https://www.leica-microsystems.com/products/light-microscopes/p/leica-sr-gsd/
[216/291] ⚠️  Only "Products" found for https://www.leica-microsystems.com/products/light-microscopes/p/leica-sr-gsd-3d/
[217/291] ⚠️  Only "Products" found for https://www.leica-microsystems.com/products/light-microscopes/p/leica-z16-apo/
[218/291] ⚠️  Only "Products" found for https://www.leica-microsystems.com/products/light-microscopes/p/leica-z16-apo-a/
[219/291] ⚠️  Only "Products" found for https://www.leica-microsystems.com/products/light-microscopes/p/leica-z6-apo/
[220/291] ⚠️  Only "Products" found for https://www.leica-microsystems.com/products/light-microscopes/p/leica-z6-apo-a/
[221/291] ⚠️  Only "Products" found for https://www.leica-microsystems.com/products/p/viventis-ls1-live/
[222/291] ⚠️  Only "Products" found for https://www.leica-microsystems.com/products/p/viventis-ls2-live/
[223/291] ⚠️  Only "Products" found for https://www.leica-microsystems.com/products/microscope-accessories/p/leica-dmshare/
[224/291] ⚠️  Only "Products" found for https://www.leica-microsystems.com/products/microscope-accessories/p/leica-el6000/
[225/291] ⚠️  Only "Products" found for https://www.leica-microsystems.com/products/microscope-accessories/p/leica-f12-i/
[226/291] ⚠️  Only "Products" found for https://www.leica-microsystems.com/products/microscope-accessories/p/leica-fluocombi-iii/
[227/291] ⚠️  Only "Products" found for https://www.leica-microsystems.com/products/sample-preparation-for-electron-microscopy/p/leica-em-res102/
[228/291] ⚠️  Only "Products" found for https://www.leica-microsystems.com/products/sample-preparation-for-electron-microscopy/p/leica-em-trim2/
[229/291] ⚠️  Only "Products" found for https://www.leica-microsystems.com/products/sample-preparation-for-electron-microscopy/p/leica-em-uc7/
[230/291] ⚠️  Only "Products" found for https://www.leica-microsystems.com/service/p/lms-qualification-services/
[231/291] ⚠️  Only "Products" found for https://www.leica-microsystems.com/service/p/lms-remotecare/
[232/291] ⚠️  Only "Products" found for https://www.leica-microsystems.com/products/surgical-microscopes/p/captiview/
[233/291] ⚠️  Only "Products" found for https://www.leica-microsystems.com/products/surgical-microscopes/p/envisu-c2300/
[234/291] ⚠️  Only "Products" found for https://www.leica-microsystems.com/products/surgical-microscopes/p/evolved-arveo-8/
[235/291] ⚠️  Only "Products" found for https://www.leica-microsystems.com/products/surgical-microscopes/p/leica-keratoscope/
[236/291] ⚠️  Only "Products" found for https://www.leica-microsystems.com/products/sample-preparation-for-electron-microscopy/p/leica-em-scd005/
[237/291] ⚠️  Only "Products" found for https://www.leica-microsystems.com/products/sample-preparation-for-electron-microscopy/p/leica-em-scd050/
[238/291] ⚠️  Only "Products" found for https://www.leica-microsystems.com/products/sample-preparation-for-electron-microscopy/p/leica-em-scd500/
[239/291] ⚠️  Only "Products" found for https://www.leica-microsystems.com/products/sample-preparation-for-electron-microscopy/p/leica-em-tic020/
[240/291] ⚠️  Only "Products" found for https://www.leica-microsystems.com/products/sample-preparation-for-electron-microscopy/p/leica-em-uc6/
[241/291] ⚠️  Only "Products" found for https://www.leica-microsystems.com/products/light-microscopes/p/leica-dm4000-b/
[242/291] ⚠️  Only "Products" found for https://www.leica-microsystems.com/products/light-microscopes/p/leica-dm4000-b-led/
[243/291] ⚠️  Only "Products" found for https://www.leica-microsystems.com/products/light-microscopes/p/leica-dm5000-b/
[244/291] ⚠️  Only "Products" found for https://www.leica-microsystems.com/products/light-microscopes/p/leica-dm5500-b/
[245/291] ⚠️  Only "Products" found for https://www.leica-microsystems.com/products/light-microscopes/p/leica-dm6000-b/
[246/291] ⚠️  Only "Products" found for https://www.leica-microsystems.com/products/light-microscopes/p/leica-dm6000-m/
[247/291] ⚠️  Only "Products" found for https://www.leica-microsystems.com/products/microscope-software/p/leica-application-suite/
[248/291] ⚠️  Only "Products" found for https://www.leica-microsystems.com/products/confocal-microscopes/p/dive/
[249/291] ⚠️  Only "Products" found for https://www.leica-microsystems.com/products/confocal-microscopes/p/falcon/
[250/291] ⚠️  Only "Products" found for https://www.leica-microsystems.com/products/confocal-microscopes/p/leica-sd-af/
[251/291] ⚠️  Only "Products" found for https://www.leica-microsystems.com/products/confocal-microscopes/p/leica-tcs-cars/
[252/291] ⚠️  Only "Products" found for https://www.leica-microsystems.com/products/confocal-microscopes/p/leica-tcs-lsi/
[253/291] ⚠️  Only "Products" found for https://www.leica-microsystems.com/products/confocal-microscopes/p/leica-tcs-smd-fcs/
[254/291] ⚠️  Only "Products" found for https://www.leica-microsystems.com/products/confocal-microscopes/p/leica-tcs-smd-flcs/
[255/291] ⚠️  Only "Products" found for https://www.leica-microsystems.com/products/confocal-microscopes/p/leica-tcs-smd-flim/
[256/291] ⚠️  Only "Products" found for https://www.leica-microsystems.com/products/confocal-microscopes/p/leica-tcs-sp2/
[257/291] ⚠️  Only "Products" found for https://www.leica-microsystems.com/products/confocal-microscopes/p/leica-tcs-sp5/
[258/291] ⚠️  Only "Products" found for https://www.leica-microsystems.com/products/confocal-microscopes/p/leica-tcs-sp5-ii/
[259/291] ⚠️  Only "Products" found for https://www.leica-microsystems.com/products/confocal-microscopes/p/leica-tcs-sp5-mp/
[260/291] ⚠️  Only "Products" found for https://www.leica-microsystems.com/products/confocal-microscopes/p/leica-tcs-sp8/
[261/291] ⚠️  Only "Products" found for https://www.leica-microsystems.com/products/confocal-microscopes/p/leica-tcs-sp8-sted-one/
[262/291] ⚠️  Only "Products" found for https://www.leica-microsystems.com/products/confocal-microscopes/p/leica-tcs-sted-cw/
[263/291] ⚠️  Only "Products" found for https://www.leica-microsystems.com/products/digital-microscopes/p/leica-dms1000/
[264/291] ⚠️  Only "Products" found for https://www.leica-microsystems.com/products/digital-microscopes/p/leica-dms1000-b/
[265/291] ⚠️  Only "Products" found for https://www.leica-microsystems.com/products/digital-microscopes/p/leica-dms300/
[266/291] ⚠️  Only "Products" found for https://www.leica-microsystems.com/products/light-microscopes/stereo-microscopes/p/leica-ez4-hd/
[267/291] ⚠️  Only "Products" found for https://www.leica-microsystems.com/products/light-microscopes/p/leica-dmi3000-b/
[268/291] ⚠️  Only "Products" found for https://www.leica-microsystems.com/products/light-microscopes/p/leica-dmi4000-b/
[269/291] ⚠️  Only "Products" found for https://www.leica-microsystems.com/products/light-microscopes/p/leica-dmi5000-m/
[270/291] ⚠️  Only "Products" found for https://www.leica-microsystems.com/products/light-microscopes/p/leica-dmi6000-b/
[271/291] ⚠️  Only "Products" found for https://www.leica-microsystems.com/products/light-microscopes/p/leica-dmi6000-with-adaptive-focus-control/
[272/291] ⚠️  Only "Products" found for https://www.leica-microsystems.com/products/light-microscopes/p/leica-dmi8-id/
[273/291] ⚠️  Only "Products" found for https://www.leica-microsystems.com/products/light-microscopes/p/leica-dmi8/
[274/291] ⚠️  Only "Products" found for https://www.leica-microsystems.com/products/light-microscopes/p/leica-dm-ilm/
[275/291] ⚠️  Only "Products" found for https://www.leica-microsystems.com/products/light-microscopes/p/leica-fs4000/
[276/291] ⚠️  Only "Products" found for https://www.leica-microsystems.com/products/light-microscopes/p/leica-fs4000-led/
[277/291] ⚠️  Only "Products" found for https://www.leica-microsystems.com/products/light-microscopes/p/leica-fs-c/
[278/291] ⚠️  Only "Products" found for https://www.leica-microsystems.com/products/light-microscopes/p/leica-fs-m/
[279/291] ⚠️  Only "Products" found for https://www.leica-microsystems.com/products/light-microscopes/p/leica-las-x-widefield-systems/
[280/291] ⚠️  Only "Products" found for https://www.leica-microsystems.com/products/light-microscopes/p/leica-dm-il/
[281/291] ⚠️  Only "Products" found for https://www.leica-microsystems.com/products/light-microscopes/p/leica-dm-la/
[282/291] ⚠️  Only "Products" found for https://www.leica-microsystems.com/products/light-microscopes/p/leica-dm-lm/
[283/291] ⚠️  Only "Products" found for https://www.leica-microsystems.com/products/light-microscopes/p/leica-em-ced030/
[284/291] ⚠️  Only "Products" found for https://www.leica-microsystems.com/products/microscope-accessories/p/wireless-footswitch-for-leica-surgical-microscopes/
[285/291] ⚠️  Only "Products" found for https://www.leica-microsystems.com/products/microscope-cameras/p/leica-hd-c100/
[286/291] ⚠️  Only "Products" found for https://www.leica-microsystems.com/products/sample-preparation-for-electron-microscopy/p/leica-em-vct500/
[287/291] ⚠️  Only "Products" found for https://www.leica-microsystems.com/products/surgical-microscopes/p/leica-ruv800/
[288/291] ⚠️  Only "Products" found for https://www.leica-microsystems.com/products/surgical-microscopes/p/leica-fl800/
[289/291] ⚠️  Only "Products" found for https://www.leica-microsystems.com/products/surgical-microscopes/p/leica-m220-f12/
[290/291] ⚠️  Only "Products" found for https://www.leica-microsystems.com/products/surgical-microscopes/p/leica-m525-f20/
[291/291] ⚠️  Only "Products" found for https://www.leica-microsystems.com/products/surgical-microscopes/p/leica-m620-f20/

==================================================
  Categories fixed: 0/291
  Updated: batch-authoring-report.json
  Updated: batch-authoring-report.csv
==================================================

