
Scraping breadcrumbs for 291 pages (waiting for full render)...

[1/291] ⚠️  Fallback: Products, Light Microscopes
[2/291] ⚠️  Fallback: Products, Light Microscopes
[3/291] ⚠️  Fallback: Products, Light Microscopes
[4/291] ⚠️  Fallback: Products, Light Microscopes
[5/291] ⚠️  Fallback: Products, Products
[6/291] ⚠️  Fallback: Products, Microscope Cameras
[7/291] ⚠️  Fallback: Products, Microscope Cameras
[8/291] ⚠️  Fallback: Products, Microscope Cameras
[9/291] ⚠️  Fallback: Products, Microscope Cameras
[10/291] ⚠️  Fallback: Products, Microscope Cameras
[11/291] ⚠️  Fallback: Products, Products
[12/291] ⚠️  Fallback: Products, Stereo Microscopes
[13/291] ⚠️  Fallback: Products, Light Microscopes
[14/291] ⚠️  Fallback: Products, Light Microscopes
[15/291] ⚠️  Fallback: Products, Stereo Microscopes
[16/291] ⚠️  Fallback: Products, Stereo Microscopes
[17/291] ⚠️  Fallback: Products, Stereo Microscopes
[18/291] ⚠️  Fallback: Products, Stereo Microscopes
[19/291] ⚠️  Fallback: Products, Light Microscopes
[20/291] ⚠️  Fallback: Products, Microscope Cameras
[21/291] ⚠️  Fallback: Products, Microscope Software
[22/291] ⚠️  Fallback: Products, Microscope Software
[23/291] ⚠️  Fallback: Products, Microscope Software
[24/291] ❌ page.evaluate: Target page, context or browser has
[25/291] ❌ page.goto: Target page, context or browser has bee
[26/291] ❌ page.goto: Target page, context or browser has bee
[27/291] ❌ page.goto: Target page, context or browser has bee
[28/291] ❌ page.goto: Target page, context or browser has bee
[29/291] ❌ page.goto: Target page, context or browser has bee
[30/291] ❌ page.goto: Target page, context or browser has bee
[31/291] ❌ page.goto: Target page, context or browser has bee
[32/291] ❌ page.goto: Target page, context or browser has bee
[33/291] ❌ page.goto: Target page, context or browser has bee
[34/291] ❌ page.goto: Target page, context or browser has bee
[35/291] ❌ page.goto: Target page, context or browser has bee
[36/291] ❌ page.goto: Target page, context or browser has bee
[37/291] ❌ page.goto: Target page, context or browser has bee
[38/291] ❌ page.goto: Target page, context or browser has bee
[39/291] ❌ page.goto: Target page, context or browser has bee
[40/291] ❌ page.goto: Target page, context or browser has bee
[41/291] ❌ page.goto: Target page, context or browser has bee
[42/291] ❌ page.goto: Target page, context or browser has bee
[43/291] ❌ page.goto: Target page, context or browser has bee
[44/291] ❌ page.goto: Target page, context or browser has bee
[45/291] ❌ page.goto: Target page, context or browser has bee
[46/291] ❌ page.goto: Target page, context or browser has bee
[47/291] ❌ page.goto: Target page, context or browser has bee
[48/291] ❌ page.goto: Target page, context or browser has bee
[49/291] ❌ page.goto: Target page, context or browser has bee
[50/291] ❌ page.goto: Target page, context or browser has bee
[51/291] ❌ page.goto: Target page, context or browser has bee
[52/291] ❌ page.goto: Target page, context or browser has bee
[53/291] ❌ page.goto: Target page, context or browser has bee
[54/291] ❌ page.goto: Target page, context or browser has bee
[55/291] ❌ page.goto: Target page, context or browser has bee
[56/291] ❌ page.goto: Target page, context or browser has bee
[57/291] ❌ page.goto: Target page, context or browser has bee
[58/291] ❌ page.goto: Target page, context or browser has bee
[59/291] ❌ page.goto: Target page, context or browser has bee
[60/291] ❌ page.goto: Target page, context or browser has bee
[61/291] ❌ page.goto: Target page, context or browser has bee
[62/291] ❌ page.goto: Target page, context or browser has bee
[63/291] ❌ page.goto: Target page, context or browser has bee
[64/291] ❌ page.goto: Target page, context or browser has bee
[65/291] ❌ page.goto: Target page, context or browser has bee
[66/291] ❌ page.goto: Target page, context or browser has bee
[67/291] ❌ page.goto: Target page, context or browser has bee
[68/291] ❌ page.goto: Target page, context or browser has bee
[69/291] ❌ page.goto: Target page, context or browser has bee
[70/291] ❌ page.goto: Target page, context or browser has bee
[71/291] ❌ page.goto: Target page, context or browser has bee
[72/291] ❌ page.goto: Target page, context or browser has bee
[73/291] ❌ page.goto: Target page, context or browser has bee
[74/291] ❌ page.goto: Target page, context or browser has bee
[75/291] ❌ page.goto: Target page, context or browser has bee
[76/291] ❌ page.goto: Target page, context or browser has bee
[77/291] ❌ page.goto: Target page, context or browser has bee
[78/291] ❌ page.goto: Target page, context or browser has bee
[79/291] ❌ page.goto: Target page, context or browser has bee
[80/291] ❌ page.goto: Target page, context or browser has bee
[81/291] ❌ page.goto: Target page, context or browser has bee
[82/291] ❌ page.goto: Target page, context or browser has bee
[83/291] ❌ page.goto: Target page, context or browser has bee
[84/291] ❌ page.goto: Target page, context or browser has bee
[85/291] ❌ page.goto: Target page, context or browser has bee
[86/291] ❌ page.goto: Target page, context or browser has bee
[87/291] ❌ page.goto: Target page, context or browser has bee
[88/291] ❌ page.goto: Target page, context or browser has bee
[89/291] ❌ page.goto: Target page, context or browser has bee
[90/291] ❌ page.goto: Target page, context or browser has bee
[91/291] ❌ page.goto: Target page, context or browser has bee
[92/291] ❌ page.goto: Target page, context or browser has bee
[93/291] ❌ page.goto: Target page, context or browser has bee
[94/291] ❌ page.goto: Target page, context or browser has bee
[95/291] ❌ page.goto: Target page, context or browser has bee
[96/291] ❌ page.goto: Target page, context or browser has bee
[97/291] ❌ page.goto: Target page, context or browser has bee
[98/291] ❌ page.goto: Target page, context or browser has bee
[99/291] ❌ page.goto: Target page, context or browser has bee
[100/291] ❌ page.goto: Target page, context or browser has bee
[101/291] ❌ page.goto: Target page, context or browser has bee
[102/291] ❌ page.goto: Target page, context or browser has bee
[103/291] ❌ page.goto: Target page, context or browser has bee
[104/291] ❌ page.goto: Target page, context or browser has bee
[105/291] ❌ page.goto: Target page, context or browser has bee
[106/291] ❌ page.goto: Target page, context or browser has bee
[107/291] ❌ page.goto: Target page, context or browser has bee
[108/291] ❌ page.goto: Target page, context or browser has bee
[109/291] ❌ page.goto: Target page, context or browser has bee
[110/291] ❌ page.goto: Target page, context or browser has bee
[111/291] ❌ page.goto: Target page, context or browser has bee
[112/291] ❌ page.goto: Target page, context or browser has bee
[113/291] ❌ page.goto: Target page, context or browser has bee
[114/291] ❌ page.goto: Target page, context or browser has bee
[115/291] ❌ page.goto: Target page, context or browser has bee
[116/291] ❌ page.goto: Target page, context or browser has bee
[117/291] ❌ page.goto: Target page, context or browser has bee
[118/291] ❌ page.goto: Target page, context or browser has bee
[119/291] ❌ page.goto: Target page, context or browser has bee
[120/291] ❌ page.goto: Target page, context or browser has bee
[121/291] ❌ page.goto: Target page, context or browser has bee
[122/291] ❌ page.goto: Target page, context or browser has bee
[123/291] ❌ page.goto: Target page, context or browser has bee
[124/291] ❌ page.goto: Target page, context or browser has bee
[125/291] ❌ page.goto: Target page, context or browser has bee
[126/291] ❌ page.goto: Target page, context or browser has bee
[127/291] ❌ page.goto: Target page, context or browser has bee
[128/291] ❌ page.goto: Target page, context or browser has bee
[129/291] ❌ page.goto: Target page, context or browser has bee
[130/291] ❌ page.goto: Target page, context or browser has bee
[131/291] ❌ page.goto: Target page, context or browser has bee
[132/291] ❌ page.goto: Target page, context or browser has bee
[133/291] ❌ page.goto: Target page, context or browser has bee
[134/291] ❌ page.goto: Target page, context or browser has bee
[135/291] ❌ page.goto: Target page, context or browser has bee
[136/291] ❌ page.goto: Target page, context or browser has bee
[137/291] ❌ page.goto: Target page, context or browser has bee
[138/291] ❌ page.goto: Target page, context or browser has bee
[139/291] ❌ page.goto: Target page, context or browser has bee
[140/291] ❌ page.goto: Target page, context or browser has bee
[141/291] ❌ page.goto: Target page, context or browser has bee
[142/291] ❌ page.goto: Target page, context or browser has bee
[143/291] ❌ page.goto: Target page, context or browser has bee
[144/291] ❌ page.goto: Target page, context or browser has bee
[145/291] ❌ page.goto: Target page, context or browser has bee
[146/291] ❌ page.goto: Target page, context or browser has bee
[147/291] ❌ page.goto: Target page, context or browser has bee
[148/291] ❌ page.goto: Target page, context or browser has bee
[149/291] ❌ page.goto: Target page, context or browser has bee
[150/291] ❌ page.goto: Target page, context or browser has bee
[151/291] ❌ page.goto: Target page, context or browser has bee
[152/291] ❌ page.goto: Target page, context or browser has bee
[153/291] ❌ page.goto: Target page, context or browser has bee
[154/291] ❌ page.goto: Target page, context or browser has bee
[155/291] ❌ page.goto: Target page, context or browser has bee
[156/291] ❌ page.goto: Target page, context or browser has bee
[157/291] ❌ page.goto: Target page, context or browser has bee
[158/291] ❌ page.goto: Target page, context or browser has bee
[159/291] ❌ page.goto: Target page, context or browser has bee
[160/291] ❌ page.goto: Target page, context or browser has bee
[161/291] ❌ page.goto: Target page, context or browser has bee
[162/291] ❌ page.goto: Target page, context or browser has bee
[163/291] ❌ page.goto: Target page, context or browser has bee
[164/291] ❌ page.goto: Target page, context or browser has bee
[165/291] ❌ page.goto: Target page, context or browser has bee
[166/291] ❌ page.goto: Target page, context or browser has bee
[167/291] ❌ page.goto: Target page, context or browser has bee
[168/291] ❌ page.goto: Target page, context or browser has bee
[169/291] ❌ page.goto: Target page, context or browser has bee
[170/291] ❌ page.goto: Target page, context or browser has bee
[171/291] ❌ page.goto: Target page, context or browser has bee
[172/291] ❌ page.goto: Target page, context or browser has bee
[173/291] ❌ page.goto: Target page, context or browser has bee
[174/291] ❌ page.goto: Target page, context or browser has bee
[175/291] ❌ page.goto: Target page, context or browser has bee
[176/291] ❌ page.goto: Target page, context or browser has bee
[177/291] ❌ page.goto: Target page, context or browser has bee
[178/291] ❌ page.goto: Target page, context or browser has bee
[179/291] ❌ page.goto: Target page, context or browser has bee
[180/291] ❌ page.goto: Target page, context or browser has bee
[181/291] ❌ page.goto: Target page, context or browser has bee
[182/291] ❌ page.goto: Target page, context or browser has bee
[183/291] ❌ page.goto: Target page, context or browser has bee
[184/291] ❌ page.goto: Target page, context or browser has bee
[185/291] ❌ page.goto: Target page, context or browser has bee
[186/291] ❌ page.goto: Target page, context or browser has bee
[187/291] ❌ page.goto: Target page, context or browser has bee
[188/291] ❌ page.goto: Target page, context or browser has bee
[189/291] ❌ page.goto: Target page, context or browser has bee
[190/291] ❌ page.goto: Target page, context or browser has bee
[191/291] ❌ page.goto: Target page, context or browser has bee
[192/291] ❌ page.goto: Target page, context or browser has bee
[193/291] ❌ page.goto: Target page, context or browser has bee
[194/291] ❌ page.goto: Target page, context or browser has bee
[195/291] ❌ page.goto: Target page, context or browser has bee
[196/291] ❌ page.goto: Target page, context or browser has bee
[197/291] ❌ page.goto: Target page, context or browser has bee
[198/291] ❌ page.goto: Target page, context or browser has bee
[199/291] ❌ page.goto: Target page, context or browser has bee
[200/291] ❌ page.goto: Target page, context or browser has bee
[201/291] ❌ page.goto: Target page, context or browser has bee
[202/291] ❌ page.goto: Target page, context or browser has bee
[203/291] ❌ page.goto: Target page, context or browser has bee
[204/291] ❌ page.goto: Target page, context or browser has bee
[205/291] ❌ page.goto: Target page, context or browser has bee
[206/291] ❌ page.goto: Target page, context or browser has bee
[207/291] ❌ page.goto: Target page, context or browser has bee
[208/291] ❌ page.goto: Target page, context or browser has bee
[209/291] ❌ page.goto: Target page, context or browser has bee
[210/291] ❌ page.goto: Target page, context or browser has bee
[211/291] ❌ page.goto: Target page, context or browser has bee
[212/291] ❌ page.goto: Target page, context or browser has bee
[213/291] ❌ page.goto: Target page, context or browser has bee
[214/291] ❌ page.goto: Target page, context or browser has bee
[215/291] ❌ page.goto: Target page, context or browser has bee
[216/291] ❌ page.goto: Target page, context or browser has bee
[217/291] ❌ page.goto: Target page, context or browser has bee
[218/291] ❌ page.goto: Target page, context or browser has bee
[219/291] ❌ page.goto: Target page, context or browser has bee
[220/291] ❌ page.goto: Target page, context or browser has bee
[221/291] ❌ page.goto: Target page, context or browser has bee
[222/291] ❌ page.goto: Target page, context or browser has bee
[223/291] ❌ page.goto: Target page, context or browser has bee
[224/291] ❌ page.goto: Target page, context or browser has bee
[225/291] ❌ page.goto: Target page, context or browser has bee
[226/291] ❌ page.goto: Target page, context or browser has bee
[227/291] ❌ page.goto: Target page, context or browser has bee
[228/291] ❌ page.goto: Target page, context or browser has bee
[229/291] ❌ page.goto: Target page, context or browser has bee
[230/291] ❌ page.goto: Target page, context or browser has bee
[231/291] ❌ page.goto: Target page, context or browser has bee
[232/291] ❌ page.goto: Target page, context or browser has bee
[233/291] ❌ page.goto: Target page, context or browser has bee
[234/291] ❌ page.goto: Target page, context or browser has bee
[235/291] ❌ page.goto: Target page, context or browser has bee
[236/291] ❌ page.goto: Target page, context or browser has bee
[237/291] ❌ page.goto: Target page, context or browser has bee
[238/291] ❌ page.goto: Target page, context or browser has bee
[239/291] ❌ page.goto: Target page, context or browser has bee
[240/291] ❌ page.goto: Target page, context or browser has bee
[241/291] ❌ page.goto: Target page, context or browser has bee
[242/291] ❌ page.goto: Target page, context or browser has bee
[243/291] ❌ page.goto: Target page, context or browser has bee
[244/291] ❌ page.goto: Target page, context or browser has bee
[245/291] ❌ page.goto: Target page, context or browser has bee
[246/291] ❌ page.goto: Target page, context or browser has bee
[247/291] ❌ page.goto: Target page, context or browser has bee
[248/291] ❌ page.goto: Target page, context or browser has bee
[249/291] ❌ page.goto: Target page, context or browser has bee
[250/291] ❌ page.goto: Target page, context or browser has bee
[251/291] ❌ page.goto: Target page, context or browser has bee
[252/291] ❌ page.goto: Target page, context or browser has bee
[253/291] ❌ page.goto: Target page, context or browser has bee
[254/291] ❌ page.goto: Target page, context or browser has bee
[255/291] ❌ page.goto: Target page, context or browser has bee
[256/291] ❌ page.goto: Target page, context or browser has bee
[257/291] ❌ page.goto: Target page, context or browser has bee
[258/291] ❌ page.goto: Target page, context or browser has bee
[259/291] ❌ page.goto: Target page, context or browser has bee
[260/291] ❌ page.goto: Target page, context or browser has bee
[261/291] ❌ page.goto: Target page, context or browser has bee
[262/291] ❌ page.goto: Target page, context or browser has bee
[263/291] ❌ page.goto: Target page, context or browser has bee
[264/291] ❌ page.goto: Target page, context or browser has bee
[265/291] ❌ page.goto: Target page, context or browser has bee
[266/291] ❌ page.goto: Target page, context or browser has bee
[267/291] ❌ page.goto: Target page, context or browser has bee
[268/291] ❌ page.goto: Target page, context or browser has bee
[269/291] ❌ page.goto: Target page, context or browser has bee
[270/291] ❌ page.goto: Target page, context or browser has bee
[271/291] ❌ page.goto: Target page, context or browser has bee
[272/291] ❌ page.goto: Target page, context or browser has bee
[273/291] ❌ page.goto: Target page, context or browser has bee
[274/291] ❌ page.goto: Target page, context or browser has bee
[275/291] ❌ page.goto: Target page, context or browser has bee
[276/291] ❌ page.goto: Target page, context or browser has bee
[277/291] ❌ page.goto: Target page, context or browser has bee
[278/291] ❌ page.goto: Target page, context or browser has bee
[279/291] ❌ page.goto: Target page, context or browser has bee
[280/291] ❌ page.goto: Target page, context or browser has bee
[281/291] ❌ page.goto: Target page, context or browser has bee
[282/291] ❌ page.goto: Target page, context or browser has bee
[283/291] ❌ page.goto: Target page, context or browser has bee
[284/291] ❌ page.goto: Target page, context or browser has bee
[285/291] ❌ page.goto: Target page, context or browser has bee
[286/291] ❌ page.goto: Target page, context or browser has bee
[287/291] ❌ page.goto: Target page, context or browser has bee
[288/291] ❌ page.goto: Target page, context or browser has bee
[289/291] ❌ page.goto: Target page, context or browser has bee
[290/291] ❌ page.goto: Target page, context or browser has bee
[291/291] ❌ page.goto: Target page, context or browser has bee

==================================================
  Breadcrumb scraped: 0
  URL fallback: 291
==================================================

Category breakdown:
  268 - Products
  7 - Products, Light Microscopes
  6 - Products, Microscope Cameras
  5 - Products, Stereo Microscopes
  3 - Products, Microscope Software
  2 - Products, Products
