
Fixing categories for 291 pages via raw HTML breadcrumbs...

[1/291] ✅ Products, Upright Microscopes  (bc: Home > Products > Light Microscopes > Upright Microscopes)
[2/291] ✅ Products, Upright Microscopes  (bc: Home > Products > Light Microscopes > Upright Microscopes)
[3/291] ✅ Products, Upright Microscopes  (bc: Home > Products > Light Microscopes > Upright Microscopes)
[4/291] ✅ Products, Upright Microscopes  (bc: Home > Products > Light Microscopes > Upright Microscopes)
[5/291] ✅ Products, Light Sheet Microscopes  (bc: Home > Products > Light Sheet Microscopes)
[6/291] ⚠️  Fallback: Products, Microscope Cameras
[7/291] ✅ Products, Microscope Cameras  (bc: Home > Products > Microscope Cameras)
[8/291] ✅ Products, Microscope Cameras  (bc: Home > Products > Microscope Cameras)
[9/291] ✅ Products, Microscope Cameras  (bc: Home > Products > Microscope Cameras)
[10/291] ✅ Products, Microscope Cameras  (bc: Home > Products > Microscope Cameras)
[11/291] ✅ Products, Light Sheet Microscopes  (bc: Home > Products > Light Sheet Microscopes)
[12/291] ✅ Products, Stereo Microscopes  (bc: Home > Products > Light Microscopes > Stereo Microscopes)
[13/291] ✅ Products, Upright Microscopes  (bc: Home > Products > Light Microscopes > Upright Microscopes)
[14/291] ✅ Products, Upright Microscopes  (bc: Home > Products > Light Microscopes > Upright Microscopes)
[15/291] ✅ Products, Stereo Microscopes  (bc: Home > Products > Light Microscopes > Stereo Microscopes)
[16/291] ✅ Products, Ergonomic Accessories  (bc: Home > Home > Products > Products > Light Microscopes > Microscope Parts &amp; Accessories > Stereo Microscopes > Ergonomic Accessories)
[17/291] ✅ Products, Stereo Microscopes  (bc: Home > Products > Light Microscopes > Stereo Microscopes)
[18/291] ✅ Products, Stereo Microscopes  (bc: Home > Products > Light Microscopes > Stereo Microscopes)
[19/291] ✅ Products, Inverted Microscopes  (bc: Home > Products > Light Microscopes > Inverted Microscopes)
[20/291] ✅ Products, Microscope Cameras  (bc: Home > Products > Microscope Cameras)
[21/291] ❌ Fetch failed, fallback: Products, Microscope Software
[22/291] ✅ Products, Microscope Software  (bc: Home > Products > Microscope Software)
[23/291] ✅ Products, Microscope Software  (bc: Home > Products > Microscope Software)
[24/291] ✅ Products, Microscope Software  (bc: Home > Products > Microscope Software)
[25/291] ✅ Products, Microscope Software  (bc: Home > Products > Microscope Software)
[26/291] ✅ Products, Microscope Cameras  (bc: Home > Products > Microscope Cameras)
[27/291] ✅ Products, Microscope Cameras  (bc: Home > Products > Microscope Cameras)
[28/291] ⚠️  Fallback: Products, Surgical Microscopes
[29/291] ❌ Fetch failed, fallback: Products, Surgical Microscopes
[30/291] ✅ Products, Microscope Cameras  (bc: Home > Products > Microscope Cameras)
[31/291] ✅ Products, Microscope Software  (bc: Home > Products > Microscope Software)
[32/291] ✅ Products, Microscope Software  (bc: Home > Products > Microscope Software)
[33/291] ✅ Products, Microscope Software  (bc: Home > Products > Microscope Software)
[34/291] ✅ Products, Light Microscopes  (bc: Home > Products > Light Microscopes)
[35/291] ✅ Products, Microscope Software  (bc: Home > Products > Microscope Software)
[36/291] ✅ Products, Microscope Parts &amp; Accessories  (bc: Home > Products > Microscope Parts &amp; Accessories)
[37/291] ✅ Products, Microscope Parts &amp; Accessories  (bc: Home > Products > Microscope Parts &amp; Accessories)
[38/291] ✅ Products, Inverted Microscopes  (bc: Home > Products > Light Microscopes > Inverted Microscopes)
[39/291] ⚠️  Fallback: Products, Thunder Imaging Systems
[40/291] ✅ Products, Upright Microscopes  (bc: Home > Products > Light Microscopes > Upright Microscopes)
[41/291] ⚠️  Fallback: Products, Sample Preparation For Electron Microscopy
[42/291] ✅ Products, Sample Preparation for Electron Microscopy  (bc: Home > Products > Sample Preparation for Electron Microscopy)
[43/291] ⚠️  Fallback: Products, Sample Preparation For Electron Microscopy
[44/291] ✅ Products, Service  (bc: Home > Service)
[45/291] ✅ Products, Service  (bc: Home > Service)
[46/291] ✅ Products, Service  (bc: Home > Service)
[47/291] ✅ Products, Microscope Parts &amp; Accessories  (bc: Home > Products > Microscope Parts &amp; Accessories)
[48/291] ✅ Products, Illumination  (bc: Home > Products > Microscope Parts &amp; Accessories > Illumination)
[49/291] ✅ Products, Inverted Microscopes  (bc: Home > Home > Home > Products > Products > Products > Confocal Microscopes > Light Microscopes > Digital Microscopes > Inverted Microscopes)
[50/291] ✅ Products, Confocal Microscopes  (bc: Home > Products > Confocal Microscopes)
[51/291] ✅ Products, Confocal Microscopes  (bc: Home > Products > Confocal Microscopes)
[52/291] ✅ Products, Confocal Microscopes  (bc: Home > Products > Confocal Microscopes)
[53/291] ✅ Products, Confocal Microscopes  (bc: Home > Products > Confocal Microscopes)
[54/291] ✅ Products, Confocal Microscopes  (bc: Home > Products > Confocal Microscopes)
[55/291] ✅ Products, Light Microscopes  (bc: Home > Home > Home > Products > Products > Products > Confocal Microscopes > Sample Preparation for Electron Microscopy > Light Microscopes)
[56/291] ✅ Products, Light Sheet Microscopes  (bc: Home > Home > Products > Products > Confocal Microscopes > Light Sheet Microscopes)
[57/291] ✅ Products, Confocal Microscopes  (bc: Home > Products > Confocal Microscopes)
[58/291] ✅ Products, Digital Microscopes  (bc: Home > Products > Digital Microscopes)
[59/291] ✅ Products, Digital Microscopes  (bc: Home > Products > Digital Microscopes)
[60/291] ✅ Products, Inverted Microscopes  (bc: Home > Products > Light Microscopes > Inverted Microscopes)
[61/291] ✅ Products, Inverted Microscopes  (bc: Home > Home > Products > Products > Light Microscopes > Digital Microscopes > Inverted Microscopes)
[62/291] ✅ Products, Inverted Microscopes  (bc: Home > Products > Light Microscopes > Inverted Microscopes)
[63/291] ✅ Products, Stereo Microscopes  (bc: Home > Products > Light Microscopes > Stereo Microscopes)
[64/291] ✅ Products, Upright Microscopes  (bc: Home > Products > Light Microscopes > Upright Microscopes)
[65/291] ✅ Products, Upright Microscopes  (bc: Home > Products > Light Microscopes > Upright Microscopes)
[66/291] ✅ Products, Upright Microscopes  (bc: Home > Products > Light Microscopes > Upright Microscopes)
[67/291] ✅ Products, Upright Microscopes  (bc: Home > Products > Light Microscopes > Upright Microscopes)
[68/291] ✅ Products, Upright Microscopes  (bc: Home > Products > Light Microscopes > Upright Microscopes)
[69/291] ✅ Products, Upright Microscopes  (bc: Home > Products > Light Microscopes > Upright Microscopes)
[70/291] ✅ Products, Upright Microscopes  (bc: Home > Products > Light Microscopes > Upright Microscopes)
[71/291] ✅ Products, Upright Microscopes  (bc: Home > Products > Light Microscopes > Upright Microscopes)
[72/291] ✅ Products, Stereo Microscopes  (bc: Home > Products > Light Microscopes > Stereo Microscopes)
[73/291] ✅ Products, Inverted Microscopes  (bc: Home > Products > Light Microscopes > Inverted Microscopes)
[74/291] ✅ Products, Stereo Microscopes  (bc: Home > Products > Light Microscopes > Stereo Microscopes)
[75/291] ✅ Products, Upright Microscopes  (bc: Home > Products > Light Microscopes > Upright Microscopes)
[76/291] ✅ Products, Microscope Cameras  (bc: Home > Products > Microscope Cameras)
[77/291] ✅ Products, Sample Preparation for Electron Microscopy  (bc: Home > Products > Sample Preparation for Electron Microscopy)
[78/291] ✅ Products, Sample Preparation for Electron Microscopy  (bc: Home > Products > Sample Preparation for Electron Microscopy)
[79/291] ✅ Products, Sample Preparation for Electron Microscopy  (bc: Home > Products > Sample Preparation for Electron Microscopy)
[80/291] ✅ Products, Sample Preparation for Electron Microscopy  (bc: Home > Products > Sample Preparation for Electron Microscopy)
[81/291] ✅ Products, Sample Preparation for Electron Microscopy  (bc: Home > Products > Sample Preparation for Electron Microscopy)
[82/291] ✅ Products, Sample Preparation for Electron Microscopy  (bc: Home > Products > Sample Preparation for Electron Microscopy)
[83/291] ✅ Products, Sample Preparation for Electron Microscopy  (bc: Home > Products > Sample Preparation for Electron Microscopy)
[84/291] ✅ Products, Sample Preparation for Electron Microscopy  (bc: Home > Products > Sample Preparation for Electron Microscopy)
[85/291] ✅ Products, Surgical Microscopes  (bc: Home > Products > Surgical Microscopes)
[86/291] ✅ Products, Surgical Microscopes  (bc: Home > Products > Surgical Microscopes)
[87/291] ⚠️  Fallback: Products, Surgical Microscopes
[88/291] ✅ Products, Surgical Microscopes  (bc: Home > Products > Surgical Microscopes)
[89/291] ✅ Products, Surgical Microscopes  (bc: Home > Products > Surgical Microscopes)
[90/291] ✅ Products, Surgical Microscopes  (bc: Home > Products > Surgical Microscopes)
[91/291] ✅ Products, Surgical Microscopes  (bc: Home > Products > Surgical Microscopes)
[92/291] ✅ Products, Surgical Microscopes  (bc: Home > Products > Surgical Microscopes)
[93/291] ✅ Products, Surgical Microscopes  (bc: Home > Products > Surgical Microscopes)
[94/291] ⚠️  Fallback: Products, Surgical Microscopes
[95/291] ✅ Products, Surgical Microscopes  (bc: Home > Products > Surgical Microscopes)
[96/291] ✅ Products, Surgical Microscopes  (bc: Home > Products > Surgical Microscopes)
[97/291] ✅ Products, Surgical Microscopes  (bc: Home > Products > Surgical Microscopes)
[98/291] ✅ Products, Surgical Microscopes  (bc: Home > Products > Surgical Microscopes)
[99/291] ✅ Products, Surgical Microscopes  (bc: Home > Products > Surgical Microscopes)
[100/291] ✅ Products, Surgical Microscopes  (bc: Home > Products > Surgical Microscopes)
[101/291] ✅ Products, Surgical Microscopes  (bc: Home > Products > Surgical Microscopes)
[102/291] ⚠️  Fallback: Products, Microscope Accessories
[103/291] ⚠️  Fallback: Products, Microscope Accessories
[104/291] ⚠️  Fallback: Products, Surgical Microscopes
[105/291] ⚠️  Fallback: Products, Surgical Microscopes
[106/291] ⚠️  Fallback: Products, Surgical Microscopes
[107/291] ⚠️  Fallback: Products, Surgical Microscopes
[108/291] ⚠️  Fallback: Products, Surgical Microscopes
[109/291] ⚠️  Fallback: Products, Surgical Microscopes
[110/291] ⚠️  Fallback: Products, Surgical Microscopes
[111/291] ⚠️  Fallback: Products, Surgical Microscopes
[112/291] ⚠️  Fallback: Products, Microscope Accessories
[113/291] ⚠️  Fallback: Products, Microscope Accessories
[114/291] ⚠️  Fallback: Products, Microscope Accessories
[115/291] ⚠️  Fallback: Products, Microscope Accessories
[116/291] ⚠️  Fallback: Products, Microscope Accessories
[117/291] ⚠️  Fallback: Products, Microscope Accessories
[118/291] ⚠️  Fallback: Products, Microscope Accessories
[119/291] ⚠️  Fallback: Products, Microscope Accessories
[120/291] ⚠️  Fallback: Products, Microscope Accessories
[121/291] ⚠️  Fallback: Products, Microscope Accessories
[122/291] ⚠️  Fallback: Products, Microscope Accessories
[123/291] ⚠️  Fallback: Products, Microscope Accessories
[124/291] ⚠️  Fallback: Products, Microscope Accessories
[125/291] ⚠️  Fallback: Products, Microscope Accessories
[126/291] ⚠️  Fallback: Products, Microscope Accessories
[127/291] ⚠️  Fallback: Products, Microscope Accessories
[128/291] ⚠️  Fallback: Products, Microscope Accessories
[129/291] ⚠️  Fallback: Products, Microscope Accessories
[130/291] ⚠️  Fallback: Products, Microscope Accessories
[131/291] ⚠️  Fallback: Products, Microscope Accessories
[132/291] ⚠️  Fallback: Products, Microscope Accessories
[133/291] ⚠️  Fallback: Products, Microscope Accessories
[134/291] ⚠️  Fallback: Products, Microscope Accessories
[135/291] ⚠️  Fallback: Products, Microscope Accessories
[136/291] ⚠️  Fallback: Products, Microscope Accessories
[137/291] ⚠️  Fallback: Products, Microscope Accessories
[138/291] ⚠️  Fallback: Products, Microscope Accessories
[139/291] ⚠️  Fallback: Products, Microscope Accessories
[140/291] ⚠️  Fallback: Products, Microscope Accessories
[141/291] ⚠️  Fallback: Products, Microscope Cameras
[142/291] ⚠️  Fallback: Products, Microscope Cameras
[143/291] ⚠️  Fallback: Products, Microscope Cameras
[144/291] ⚠️  Fallback: Products, Microscope Cameras
[145/291] ⚠️  Fallback: Products, Microscope Cameras
[146/291] ⚠️  Fallback: Products, Microscope Cameras
[147/291] ⚠️  Fallback: Products, Microscope Cameras
[148/291] ⚠️  Fallback: Products, Microscope Cameras
[149/291] ⚠️  Fallback: Products, Microscope Cameras
[150/291] ⚠️  Fallback: Products, Microscope Cameras
[151/291] ⚠️  Fallback: Products, Microscope Cameras
[152/291] ⚠️  Fallback: Products, Microscope Cameras
[153/291] ⚠️  Fallback: Products, Microscope Cameras
[154/291] ⚠️  Fallback: Products, Microscope Cameras
[155/291] ⚠️  Fallback: Products, Microscope Cameras
[156/291] ⚠️  Fallback: Products, Microscope Cameras
[157/291] ⚠️  Fallback: Products, Microscope Cameras
[158/291] ⚠️  Fallback: Products, Microscope Cameras
[159/291] ⚠️  Fallback: Products, Microscope Cameras
[160/291] ⚠️  Fallback: Products, Surgical Microscopes
[161/291] ⚠️  Fallback: Products, Surgical Microscopes
[162/291] ⚠️  Fallback: Products, Surgical Microscopes
[163/291] ⚠️  Fallback: Products, Surgical Microscopes
[164/291] ⚠️  Fallback: Products, Surgical Microscopes
[165/291] ⚠️  Fallback: Products, Thunder Imaging Systems
[166/291] ⚠️  Fallback: Products, Microscope Cameras
[167/291] ⚠️  Fallback: Products, Microscope Cameras
[168/291] ⚠️  Fallback: Products, Microscope Cameras
[169/291] ⚠️  Fallback: Products, Microscope Software
[170/291] ⚠️  Fallback: Products, Microscope Software
[171/291] ⚠️  Fallback: Products, Microscope Software
[172/291] ⚠️  Fallback: Products, Microscope Software
[173/291] ⚠️  Fallback: Products, Microscope Software
[174/291] ⚠️  Fallback: Products, Microscope Software
[175/291] ⚠️  Fallback: Products, Microscope Cameras
[176/291] ⚠️  Fallback: Products, Microscope Software
[177/291] ⚠️  Fallback: Products, Sample Preparation For Electron Microscopy
[178/291] ⚠️  Fallback: Products, Sample Preparation For Electron Microscopy
[179/291] ⚠️  Fallback: Products, Sample Preparation For Electron Microscopy
[180/291] ⚠️  Fallback: Products, Sample Preparation For Electron Microscopy
[181/291] ⚠️  Fallback: Products, Sample Preparation For Electron Microscopy
[182/291] ⚠️  Fallback: Products, Sample Preparation For Electron Microscopy
[183/291] ⚠️  Fallback: Products, Sample Preparation For Electron Microscopy
[184/291] ⚠️  Fallback: Products, Sample Preparation For Electron Microscopy
[185/291] ⚠️  Fallback: Products, Digital Microscopes
[186/291] ⚠️  Fallback: Products, Light Microscopes
[187/291] ⚠️  Fallback: Products, Light Microscopes
[188/291] ⚠️  Fallback: Products, Light Microscopes
[189/291] ⚠️  Fallback: Products, Light Microscopes
[190/291] ⚠️  Fallback: Products, Light Microscopes
[191/291] ⚠️  Fallback: Products, Light Microscopes
[192/291] ✅ Products, Upright Microscopes  (bc: Home > Products > Light Microscopes > Upright Microscopes)
[193/291] ⚠️  Fallback: Products, Light Microscopes
[194/291] ⚠️  Fallback: Products, Light Microscopes
[195/291] ⚠️  Fallback: Products, Light Microscopes
[196/291] ⚠️  Fallback: Products, Light Microscopes
[197/291] ⚠️  Fallback: Products, Light Microscopes
[198/291] ⚠️  Fallback: Products, Light Microscopes
[199/291] ⚠️  Fallback: Products, Stereo Microscopes
[200/291] ⚠️  Fallback: Products, Light Microscopes
[201/291] ⚠️  Fallback: Products, Light Microscopes
[202/291] ⚠️  Fallback: Products, Light Microscopes
[203/291] ⚠️  Fallback: Products, Light Microscopes
[204/291] ⚠️  Fallback: Products, Light Microscopes
[205/291] ⚠️  Fallback: Products, Light Microscopes
[206/291] ⚠️  Fallback: Products, Stereo Microscopes
[207/291] ⚠️  Fallback: Products, Light Microscopes
[208/291] ⚠️  Fallback: Products, Stereo Microscopes
[209/291] ⚠️  Fallback: Products, Light Microscopes
[210/291] ⚠️  Fallback: Products, Stereo Microscopes
[211/291] ⚠️  Fallback: Products, Stereo Microscopes
[212/291] ⚠️  Fallback: Products, Light Microscopes
[213/291] ⚠️  Fallback: Products, Stereo Microscopes
[214/291] ⚠️  Fallback: Products, Stereo Microscopes
[215/291] ⚠️  Fallback: Products, Light Microscopes
[216/291] ⚠️  Fallback: Products, Light Microscopes
[217/291] ⚠️  Fallback: Products, Light Microscopes
[218/291] ⚠️  Fallback: Products, Light Microscopes
[219/291] ⚠️  Fallback: Products, Light Microscopes
[220/291] ⚠️  Fallback: Products, Light Microscopes
[221/291] ⚠️  Fallback: Products
[222/291] ✅ Products, Light Sheet Microscopes  (bc: Home > Products > Light Sheet Microscopes)
[223/291] ⚠️  Fallback: Products, Microscope Accessories
[224/291] ⚠️  Fallback: Products, Microscope Accessories
[225/291] ⚠️  Fallback: Products, Microscope Accessories
[226/291] ⚠️  Fallback: Products, Microscope Accessories
[227/291] ⚠️  Fallback: Products, Sample Preparation For Electron Microscopy
[228/291] ⚠️  Fallback: Products, Sample Preparation For Electron Microscopy
[229/291] ⚠️  Fallback: Products, Sample Preparation For Electron Microscopy
[230/291] ⚠️  Fallback: Products
[231/291] ⚠️  Fallback: Products
[232/291] ⚠️  Fallback: Products, Surgical Microscopes
[233/291] ⚠️  Fallback: Products, Surgical Microscopes
[234/291] ⚠️  Fallback: Products, Surgical Microscopes
[235/291] ✅ Products, Surgical Microscopes  (bc: Home > Products > Surgical Microscopes)
[236/291] ⚠️  Fallback: Products, Sample Preparation For Electron Microscopy
[237/291] ⚠️  Fallback: Products, Sample Preparation For Electron Microscopy
[238/291] ⚠️  Fallback: Products, Sample Preparation For Electron Microscopy
[239/291] ⚠️  Fallback: Products, Sample Preparation For Electron Microscopy
[240/291] ⚠️  Fallback: Products, Sample Preparation For Electron Microscopy
[241/291] ⚠️  Fallback: Products, Light Microscopes
[242/291] ⚠️  Fallback: Products, Light Microscopes
[243/291] ⚠️  Fallback: Products, Light Microscopes
[244/291] ⚠️  Fallback: Products, Light Microscopes
[245/291] ⚠️  Fallback: Products, Light Microscopes
[246/291] ⚠️  Fallback: Products, Light Microscopes
[247/291] ⚠️  Fallback: Products, Microscope Software
[248/291] ⚠️  Fallback: Products, Confocal Microscopes
[249/291] ⚠️  Fallback: Products, Confocal Microscopes
[250/291] ⚠️  Fallback: Products, Confocal Microscopes
[251/291] ⚠️  Fallback: Products, Confocal Microscopes
[252/291] ⚠️  Fallback: Products, Confocal Microscopes
[253/291] ⚠️  Fallback: Products, Confocal Microscopes
[254/291] ⚠️  Fallback: Products, Confocal Microscopes
[255/291] ⚠️  Fallback: Products, Confocal Microscopes
[256/291] ⚠️  Fallback: Products, Confocal Microscopes
[257/291] ⚠️  Fallback: Products, Confocal Microscopes
[258/291] ⚠️  Fallback: Products, Confocal Microscopes
[259/291] ⚠️  Fallback: Products, Confocal Microscopes
[260/291] ⚠️  Fallback: Products, Confocal Microscopes
[261/291] ⚠️  Fallback: Products, Confocal Microscopes
[262/291] ⚠️  Fallback: Products, Confocal Microscopes
[263/291] ⚠️  Fallback: Products, Digital Microscopes
[264/291] ⚠️  Fallback: Products, Digital Microscopes
[265/291] ⚠️  Fallback: Products, Digital Microscopes
[266/291] ⚠️  Fallback: Products, Stereo Microscopes
[267/291] ⚠️  Fallback: Products, Light Microscopes
[268/291] ⚠️  Fallback: Products, Light Microscopes
[269/291] ⚠️  Fallback: Products, Light Microscopes
[270/291] ⚠️  Fallback: Products, Light Microscopes
[271/291] ⚠️  Fallback: Products, Light Microscopes
[272/291] ✅ Products, Inverted Microscopes  (bc: Home > Products > Light Microscopes > Inverted Microscopes)
[273/291] ⚠️  Fallback: Products, Light Microscopes
[274/291] ⚠️  Fallback: Products, Light Microscopes
[275/291] ⚠️  Fallback: Products, Light Microscopes
[276/291] ⚠️  Fallback: Products, Light Microscopes
[277/291] ⚠️  Fallback: Products, Light Microscopes
[278/291] ⚠️  Fallback: Products, Light Microscopes
[279/291] ⚠️  Fallback: Products, Light Microscopes
[280/291] ⚠️  Fallback: Products, Light Microscopes
[281/291] ⚠️  Fallback: Products, Light Microscopes
[282/291] ⚠️  Fallback: Products, Light Microscopes
[283/291] ⚠️  Fallback: Products, Light Microscopes
[284/291] ⚠️  Fallback: Products, Microscope Accessories
[285/291] ⚠️  Fallback: Products, Microscope Cameras
[286/291] ✅ Products, Sample Preparation for Electron Microscopy  (bc: Home > Products > Sample Preparation for Electron Microscopy)
[287/291] ⚠️  Fallback: Products, Surgical Microscopes
[288/291] ⚠️  Fallback: Products, Surgical Microscopes
[289/291] ⚠️  Fallback: Products, Surgical Microscopes
[290/291] ⚠️  Fallback: Products, Surgical Microscopes
[291/291] ⚠️  Fallback: Products, Surgical Microscopes

=======================================================
  Breadcrumb scraped: 97
  URL fallback:      194
  Total:             291
=======================================================

Category breakdown:
   51 - Products, Light Microscopes
   41 - Products, Surgical Microscopes
   36 - Products, Microscope Accessories
   34 - Products, Microscope Cameras
   21 - Products, Confocal Microscopes
   18 - Products, Sample Preparation For Electron Microscopy
   17 - Products, Upright Microscopes
   17 - Products, Microscope Software
   15 - Products, Stereo Microscopes
   10 - Products, Sample Preparation for Electron Microscopy
    8 - Products, Inverted Microscopes
    6 - Products, Digital Microscopes
    4 - Products, Light Sheet Microscopes
    3 - Products, Microscope Parts &amp; Accessories
    3 - Products, Service
    3 - Products
    2 - Products, Thunder Imaging Systems
    1 - Products, Ergonomic Accessories
    1 - Products, Illumination
